{"timestamp": "2023-09-19 16:48:38", "level": "INFO", "module": "test", "function": "<module>", "line": 38, "message": "ddqc-- execution started", "process": "ddqc"}
{"timestamp": "2023-09-19 16:49:17", "level": "INFO", "module": "call_data_filter", "function": "ph1_data_filter", "line": 49, "message": "Charge Type-completed", "process": "ddqc"}
{"timestamp": "2023-09-19 16:49:17", "level": "INFO", "module": "call_data_filter", "function": "ph1_data_filter", "line": 49, "message": "Count Score-completed", "process": "ddqc"}
{"timestamp": "2023-09-19 16:49:17", "level": "INFO", "module": "call_data_filter", "function": "ph1_data_filter", "line": 49, "message": "ph1_req3-completed", "process": "ddqc"}
{"timestamp": "2023-09-19 16:49:17", "level": "INFO", "module": "call_data_filter", "function": "ph1_data_filter", "line": 49, "message": "ph1_req4-completed", "process": "ddqc"}
{"timestamp": "2023-09-19 16:49:17", "level": "INFO", "module": "call_data_filter", "function": "ph1_data_filter", "line": 49, "message": "ph1_req5-completed", "process": "ddqc"}
{"timestamp": "2023-09-19 16:49:17", "level": "INFO", "module": "call_data_filter", "function": "ph1_data_filter", "line": 49, "message": "ph1_req6-completed", "process": "ddqc"}
{"timestamp": "2023-09-19 16:49:17", "level": "INFO", "module": "call_data_filter", "function": "ph1_data_filter", "line": 49, "message": "ph1_req8-completed", "process": "ddqc"}
{"timestamp": "2023-09-19 16:49:17", "level": "INFO", "module": "call_data_filter", "function": "ph1_data_filter", "line": 49, "message": "ph1_req10-completed", "process": "ddqc"}
{"timestamp": "2023-09-19 16:49:17", "level": "INFO", "module": "call_data_filter", "function": "ph1_data_filter", "line": 49, "message": "ph1_req11-completed", "process": "ddqc"}
{"timestamp": "2023-09-19 16:49:17", "level": "INFO", "module": "call_data_filter", "function": "ph1_data_filter", "line": 49, "message": "ph1_req12-completed", "process": "ddqc"}
{"timestamp": "2023-09-19 16:49:17", "level": "INFO", "module": "call_data_filter", "function": "ph1_data_filter", "line": 53, "message": "C:\\Users\\mjeevaba\\Documents\\Python\\DDQC\\DDQC 2.0\\Sharepath\\email\\2023-09-19\\2023_09_19_16_49_17_DDQC report_Phase1.xlsx-saved successfully", "process": "ddqc"}
{"timestamp": "2023-09-19 16:49:17", "level": "INFO", "module": "call_data_filter", "function": "ph2_data_filter", "line": 157, "message": "C:\\Users\\mjeevaba\\Documents\\Python\\DDQC\\DDQC 2.0\\Sharepath\\email\\2023-09-19\\2023_09_19_16_49_17_DDQC report_Phase2.xlsx-saved successfully", "process": "ddqc"}
{"timestamp": "2023-09-19 16:49:17", "level": "ERROR", "module": "test", "function": "<module>", "line": 52, "message": "Traceback (most recent call last):\n  File \"c:\\Users\\mjeevaba\\Documents\\Python\\DDQC\\DDQC 2.0\\Code\\DDQC Rule Engine\\test.py\", line 50, in <module>\n    dict_transaction = process(config, dict_transaction)\n                       ^^^^^^^^^^^^^^^^^^^^^^^^^^^^^^^^^\n  File \"c:\\Users\\mjeevaba\\Documents\\Python\\DDQC\\DDQC 2.0\\Code\\DDQC Rule Engine\\Project\\z_process.py\", line 21, in process\n    z_send_email.send_mail(config, dict_transaction)\n  File \"c:\\Users\\mjeevaba\\Documents\\Python\\DDQC\\DDQC 2.0\\Code\\DDQC Rule Engine\\Project\\z_send_email.py\", line 30, in send_mail\n    server = smtplib.SMTP(config[\"mail_server\"], config[\"mail_port\"])\n             ^^^^^^^^^^^^^^^^^^^^^^^^^^^^^^^^^^^^^^^^^^^^^^^^^^^^^^^^\n  File \"C:\\Users\\mjeevaba\\AppData\\Local\\Programs\\Python\\Python311\\Lib\\smtplib.py\", line 255, in __init__\n    (code, msg) = self.connect(host, port)\n                  ^^^^^^^^^^^^^^^^^^^^^^^^\n  File \"C:\\Users\\mjeevaba\\AppData\\Local\\Programs\\Python\\Python311\\Lib\\smtplib.py\", line 343, in connect\n    (code, msg) = self.getreply()\n                  ^^^^^^^^^^^^^^^\n  File \"C:\\Users\\mjeevaba\\AppData\\Local\\Programs\\Python\\Python311\\Lib\\smtplib.py\", line 405, in getreply\n    raise SMTPServerDisconnected(\"Connection unexpectedly closed\")\nsmtplib.SMTPServerDisconnected: Connection unexpectedly closed\n", "process": "ddqc"}
{"timestamp": "2023-09-19 16:50:19", "level": "INFO", "module": "main", "function": "<module>", "line": 43, "message": "ddqc-- execution started", "process": "ddqc"}
{"timestamp": "2023-09-19 16:51:25", "level": "INFO", "module": "main", "function": "<module>", "line": 43, "message": "ddqc-- execution started", "process": "ddqc"}
{"timestamp": "2023-09-19 16:51:32", "level": "INFO", "module": "main", "function": "process_transaction", "line": 74, "message": "process started", "process": "ddqc"}
{"timestamp": "2023-09-19 16:52:06", "level": "ERROR", "module": "main", "function": "process_transaction", "line": 82, "message": "Traceback (most recent call last):\n  File \"C:\\Users\\mjeevaba\\AppData\\Local\\Programs\\Python\\Python311\\Lib\\site-packages\\pandas\\core\\indexes\\base.py\", line 3652, in get_loc\n    return self._engine.get_loc(casted_key)\n           ^^^^^^^^^^^^^^^^^^^^^^^^^^^^^^^^\n  File \"pandas\\_libs\\index.pyx\", line 147, in pandas._libs.index.IndexEngine.get_loc\n  File \"pandas\\_libs\\index.pyx\", line 176, in pandas._libs.index.IndexEngine.get_loc\n  File \"pandas\\_libs\\hashtable_class_helper.pxi\", line 7080, in pandas._libs.hashtable.PyObjectHashTable.get_item\n  File \"pandas\\_libs\\hashtable_class_helper.pxi\", line 7088, in pandas._libs.hashtable.PyObjectHashTable.get_item\nKeyError: 'client id'\n\nThe above exception was the direct cause of the following exception:\n\nTraceback (most recent call last):\n  File \"c:\\Users\\mjeevaba\\Documents\\Python\\DDQC\\DDQC 2.0\\Code\\DDQC Rule Engine\\main.py\", line 77, in process_transaction\n    self.dict_transaction = process(self.config, self.dict_transaction)\n                            ^^^^^^^^^^^^^^^^^^^^^^^^^^^^^^^^^^^^^^^^^^^\n  File \"c:\\Users\\mjeevaba\\Documents\\Python\\DDQC\\DDQC 2.0\\Code\\DDQC Rule Engine\\Project\\z_process.py\", line 18, in process\n    dict_transaction = call_data_filter.ph1_data_filter(config, dict_transaction)\n                       ^^^^^^^^^^^^^^^^^^^^^^^^^^^^^^^^^^^^^^^^^^^^^^^^^^^^^^^^^^\n  File \"c:\\Users\\mjeevaba\\Documents\\Python\\DDQC\\DDQC 2.0\\Code\\DDQC Rule Engine\\Project\\call_data_filter.py\", line 15, in ph1_data_filter\n    ddqc1 = Ph1FilterValidation(dict_transaction[\"df_ddqc_report\"])\n            ^^^^^^^^^^^^^^^^^^^^^^^^^^^^^^^^^^^^^^^^^^^^^^^^^^^^^^^\n  File \"c:\\Users\\mjeevaba\\Documents\\Python\\DDQC\\DDQC 2.0\\Code\\DDQC Rule Engine\\Project\\data_filter_ph1.py\", line 14, in __init__\n    super().__init__(df_input, **kwargs)\n  File \"c:\\Users\\mjeevaba\\Documents\\Python\\DDQC\\DDQC 2.0\\Code\\DDQC Rule Engine\\Project\\general_rule.py\", line 8, in __init__\n    df_input[\"client id\"] = df_input[\"client id\"].astype(str)\n                            ~~~~~~~~^^^^^^^^^^^^^\n  File \"C:\\Users\\mjeevaba\\AppData\\Local\\Programs\\Python\\Python311\\Lib\\site-packages\\pandas\\core\\frame.py\", line 3761, in __getitem__\n    indexer = self.columns.get_loc(key)\n              ^^^^^^^^^^^^^^^^^^^^^^^^^\n  File \"C:\\Users\\mjeevaba\\AppData\\Local\\Programs\\Python\\Python311\\Lib\\site-packages\\pandas\\core\\indexes\\base.py\", line 3654, in get_loc\n    raise KeyError(key) from err\nKeyError: 'client id'\n", "process": "ddqc"}
{"timestamp": "2023-09-19 16:52:10", "level": "INFO", "module": "main", "function": "process_transaction", "line": 74, "message": "process started", "process": "ddqc"}
{"timestamp": "2023-09-19 16:53:47", "level": "INFO", "module": "test", "function": "<module>", "line": 38, "message": "ddqc-- execution started", "process": "ddqc"}
{"timestamp": "2023-09-19 16:54:04", "level": "INFO", "module": "test", "function": "<module>", "line": 38, "message": "ddqc-- execution started", "process": "ddqc"}
{"timestamp": "2023-09-19 16:54:42", "level": "INFO", "module": "call_data_filter", "function": "ph1_data_filter", "line": 49, "message": "Charge Type-completed", "process": "ddqc"}
{"timestamp": "2023-09-19 16:54:42", "level": "INFO", "module": "call_data_filter", "function": "ph1_data_filter", "line": 49, "message": "Count Score-completed", "process": "ddqc"}
{"timestamp": "2023-09-19 16:54:42", "level": "INFO", "module": "call_data_filter", "function": "ph1_data_filter", "line": 49, "message": "ph1_req3-completed", "process": "ddqc"}
{"timestamp": "2023-09-19 16:54:42", "level": "INFO", "module": "call_data_filter", "function": "ph1_data_filter", "line": 49, "message": "ph1_req4-completed", "process": "ddqc"}
{"timestamp": "2023-09-19 16:54:43", "level": "INFO", "module": "call_data_filter", "function": "ph1_data_filter", "line": 49, "message": "ph1_req5-completed", "process": "ddqc"}
{"timestamp": "2023-09-19 16:54:43", "level": "INFO", "module": "call_data_filter", "function": "ph1_data_filter", "line": 49, "message": "ph1_req6-completed", "process": "ddqc"}
{"timestamp": "2023-09-19 16:54:43", "level": "INFO", "module": "call_data_filter", "function": "ph1_data_filter", "line": 49, "message": "ph1_req8-completed", "process": "ddqc"}
{"timestamp": "2023-09-19 16:54:43", "level": "INFO", "module": "call_data_filter", "function": "ph1_data_filter", "line": 49, "message": "ph1_req10-completed", "process": "ddqc"}
{"timestamp": "2023-09-19 16:54:43", "level": "INFO", "module": "call_data_filter", "function": "ph1_data_filter", "line": 49, "message": "ph1_req11-completed", "process": "ddqc"}
{"timestamp": "2023-09-19 16:54:43", "level": "INFO", "module": "call_data_filter", "function": "ph1_data_filter", "line": 49, "message": "ph1_req12-completed", "process": "ddqc"}
{"timestamp": "2023-09-19 16:54:43", "level": "INFO", "module": "call_data_filter", "function": "ph1_data_filter", "line": 53, "message": "C:\\Users\\mjeevaba\\Documents\\Python\\DDQC\\DDQC 2.0\\Sharepath\\email\\2023-09-19\\2023_09_19_16_54_42_DDQC report_Phase1.xlsx-saved successfully", "process": "ddqc"}
{"timestamp": "2023-09-19 16:54:43", "level": "INFO", "module": "call_data_filter", "function": "ph2_data_filter", "line": 157, "message": "C:\\Users\\mjeevaba\\Documents\\Python\\DDQC\\DDQC 2.0\\Sharepath\\email\\2023-09-19\\2023_09_19_16_54_43_DDQC report_Phase2.xlsx-saved successfully", "process": "ddqc"}
{"timestamp": "2023-09-19 16:54:43", "level": "ERROR", "module": "test", "function": "<module>", "line": 52, "message": "Traceback (most recent call last):\n  File \"c:\\Users\\mjeevaba\\Documents\\Python\\DDQC\\DDQC 2.0\\Code\\DDQC Rule Engine\\test.py\", line 50, in <module>\n    dict_transaction = process(config, dict_transaction)\n                       ^^^^^^^^^^^^^^^^^^^^^^^^^^^^^^^^^\n  File \"c:\\Users\\mjeevaba\\Documents\\Python\\DDQC\\DDQC 2.0\\Code\\DDQC Rule Engine\\Project\\z_process.py\", line 21, in process\n    z_send_email.send_mail(config, dict_transaction)\n  File \"c:\\Users\\mjeevaba\\Documents\\Python\\DDQC\\DDQC 2.0\\Code\\DDQC Rule Engine\\Project\\z_send_email.py\", line 30, in send_mail\n    server = smtplib.SMTP(config[\"mail_server\"], config[\"mail_port\"])\n             ^^^^^^^^^^^^^^^^^^^^^^^^^^^^^^^^^^^^^^^^^^^^^^^^^^^^^^^^\n  File \"C:\\Users\\mjeevaba\\AppData\\Local\\Programs\\Python\\Python311\\Lib\\smtplib.py\", line 255, in __init__\n    (code, msg) = self.connect(host, port)\n                  ^^^^^^^^^^^^^^^^^^^^^^^^\n  File \"C:\\Users\\mjeevaba\\AppData\\Local\\Programs\\Python\\Python311\\Lib\\smtplib.py\", line 343, in connect\n    (code, msg) = self.getreply()\n                  ^^^^^^^^^^^^^^^\n  File \"C:\\Users\\mjeevaba\\AppData\\Local\\Programs\\Python\\Python311\\Lib\\smtplib.py\", line 405, in getreply\n    raise SMTPServerDisconnected(\"Connection unexpectedly closed\")\nsmtplib.SMTPServerDisconnected: Connection unexpectedly closed\n", "process": "ddqc"}
{"timestamp": "2023-09-19 16:55:44", "level": "INFO", "module": "test", "function": "<module>", "line": 38, "message": "ddqc-- execution started", "process": "ddqc"}
{"timestamp": "2023-09-19 16:56:24", "level": "INFO", "module": "call_data_filter", "function": "ph1_data_filter", "line": 49, "message": "Charge Type-completed", "process": "ddqc"}
{"timestamp": "2023-09-19 16:56:24", "level": "INFO", "module": "call_data_filter", "function": "ph1_data_filter", "line": 49, "message": "Count Score-completed", "process": "ddqc"}
{"timestamp": "2023-09-19 16:56:24", "level": "INFO", "module": "call_data_filter", "function": "ph1_data_filter", "line": 49, "message": "ph1_req3-completed", "process": "ddqc"}
{"timestamp": "2023-09-19 16:56:24", "level": "INFO", "module": "call_data_filter", "function": "ph1_data_filter", "line": 49, "message": "ph1_req4-completed", "process": "ddqc"}
{"timestamp": "2023-09-19 16:56:24", "level": "INFO", "module": "call_data_filter", "function": "ph1_data_filter", "line": 49, "message": "ph1_req5-completed", "process": "ddqc"}
{"timestamp": "2023-09-19 16:56:24", "level": "INFO", "module": "call_data_filter", "function": "ph1_data_filter", "line": 49, "message": "ph1_req6-completed", "process": "ddqc"}
{"timestamp": "2023-09-19 16:56:24", "level": "INFO", "module": "call_data_filter", "function": "ph1_data_filter", "line": 49, "message": "ph1_req8-completed", "process": "ddqc"}
{"timestamp": "2023-09-19 16:56:24", "level": "INFO", "module": "call_data_filter", "function": "ph1_data_filter", "line": 49, "message": "ph1_req10-completed", "process": "ddqc"}
{"timestamp": "2023-09-19 16:56:24", "level": "INFO", "module": "call_data_filter", "function": "ph1_data_filter", "line": 49, "message": "ph1_req11-completed", "process": "ddqc"}
{"timestamp": "2023-09-19 16:56:24", "level": "INFO", "module": "call_data_filter", "function": "ph1_data_filter", "line": 49, "message": "ph1_req12-completed", "process": "ddqc"}
{"timestamp": "2023-09-19 16:56:24", "level": "INFO", "module": "call_data_filter", "function": "ph1_data_filter", "line": 53, "message": "C:\\Users\\mjeevaba\\Documents\\Python\\DDQC\\DDQC 2.0\\Sharepath\\email\\2023-09-19\\2023_09_19_16_56_24_DDQC report_Phase1.xlsx-saved successfully", "process": "ddqc"}
{"timestamp": "2023-09-19 16:56:24", "level": "INFO", "module": "call_data_filter", "function": "ph2_data_filter", "line": 157, "message": "C:\\Users\\mjeevaba\\Documents\\Python\\DDQC\\DDQC 2.0\\Sharepath\\email\\2023-09-19\\2023_09_19_16_56_24_DDQC report_Phase2.xlsx-saved successfully", "process": "ddqc"}
{"timestamp": "2023-09-19 17:00:04", "level": "INFO", "module": "test", "function": "<module>", "line": 38, "message": "ddqc-- execution started", "process": "ddqc"}
{"timestamp": "2023-09-19 17:00:12", "level": "INFO", "module": "call_data_filter", "function": "ph1_data_filter", "line": 49, "message": "Charge Type-completed", "process": "ddqc"}
{"timestamp": "2023-09-19 17:00:12", "level": "INFO", "module": "call_data_filter", "function": "ph1_data_filter", "line": 49, "message": "Count Score-completed", "process": "ddqc"}
{"timestamp": "2023-09-19 17:00:12", "level": "INFO", "module": "call_data_filter", "function": "ph1_data_filter", "line": 49, "message": "ph1_req3-completed", "process": "ddqc"}
{"timestamp": "2023-09-19 17:00:12", "level": "INFO", "module": "call_data_filter", "function": "ph1_data_filter", "line": 49, "message": "ph1_req4-completed", "process": "ddqc"}
{"timestamp": "2023-09-19 17:00:12", "level": "INFO", "module": "call_data_filter", "function": "ph1_data_filter", "line": 49, "message": "ph1_req5-completed", "process": "ddqc"}
{"timestamp": "2023-09-19 17:00:12", "level": "INFO", "module": "call_data_filter", "function": "ph1_data_filter", "line": 49, "message": "ph1_req6-completed", "process": "ddqc"}
{"timestamp": "2023-09-19 17:00:12", "level": "INFO", "module": "call_data_filter", "function": "ph1_data_filter", "line": 49, "message": "ph1_req8-completed", "process": "ddqc"}
{"timestamp": "2023-09-19 17:00:12", "level": "INFO", "module": "call_data_filter", "function": "ph1_data_filter", "line": 49, "message": "ph1_req10-completed", "process": "ddqc"}
{"timestamp": "2023-09-19 17:00:12", "level": "INFO", "module": "call_data_filter", "function": "ph1_data_filter", "line": 49, "message": "ph1_req11-completed", "process": "ddqc"}
{"timestamp": "2023-09-19 17:00:12", "level": "INFO", "module": "call_data_filter", "function": "ph1_data_filter", "line": 49, "message": "ph1_req12-completed", "process": "ddqc"}
{"timestamp": "2023-09-19 17:00:12", "level": "INFO", "module": "call_data_filter", "function": "ph1_data_filter", "line": 53, "message": "C:\\Users\\mjeevaba\\Documents\\Python\\DDQC\\DDQC 2.0\\Sharepath\\email\\2023-09-19\\2023_09_19_17_00_12_DDQC report_Phase1.xlsx-saved successfully", "process": "ddqc"}
{"timestamp": "2023-09-19 17:00:12", "level": "INFO", "module": "call_data_filter", "function": "ph2_data_filter", "line": 157, "message": "C:\\Users\\mjeevaba\\Documents\\Python\\DDQC\\DDQC 2.0\\Sharepath\\email\\2023-09-19\\2023_09_19_17_00_12_DDQC report_Phase2.xlsx-saved successfully", "process": "ddqc"}
