{"timestamp": "2023-09-13 11:31:54", "level": "INFO", "module": "main", "function": "<module>", "line": 44, "message": "ddqc-- execution started", "process": "ddqc"}
{"timestamp": "2023-09-13 11:31:54", "level": "DEBUG", "module": "main", "function": "__init__", "line": 52, "message": "Framework initiated", "process": "ddqc"}
{"timestamp": "2023-09-13 11:31:54", "level": "DEBUG", "module": "main", "function": "init_all_settings", "line": 57, "message": "init all settings completed", "process": "ddqc"}
{"timestamp": "2023-09-13 11:31:57", "level": "DEBUG", "module": "main", "function": "init_all_applications", "line": 62, "message": "init all application completed", "process": "ddqc"}
{"timestamp": "2023-09-13 11:32:01", "level": "DEBUG", "module": "main", "function": "get_transaction_data", "line": 68, "message": "get transaction data completed", "process": "ddqc"}
{"timestamp": "2023-09-13 11:32:01", "level": "INFO", "module": "main", "function": "process_transaction", "line": 72, "message": "process started", "process": "ddqc"}
{"timestamp": "2023-09-13 11:36:16", "level": "ERROR", "module": "main", "function": "process_transaction", "line": 79, "message": "Traceback (most recent call last):\n  File \"C:\\Users\\mjeevaba\\AppData\\Local\\Programs\\Python\\Python311\\Lib\\site-packages\\pandas\\core\\indexes\\base.py\", line 3652, in get_loc\n    return self._engine.get_loc(casted_key)\n           ^^^^^^^^^^^^^^^^^^^^^^^^^^^^^^^^\n  File \"pandas\\_libs\\index.pyx\", line 147, in pandas._libs.index.IndexEngine.get_loc\n  File \"pandas\\_libs\\index.pyx\", line 176, in pandas._libs.index.IndexEngine.get_loc\n  File \"pandas\\_libs\\hashtable_class_helper.pxi\", line 7080, in pandas._libs.hashtable.PyObjectHashTable.get_item\n  File \"pandas\\_libs\\hashtable_class_helper.pxi\", line 7088, in pandas._libs.hashtable.PyObjectHashTable.get_item\nKeyError: 'client id'\n\nThe above exception was the direct cause of the following exception:\n\nTraceback (most recent call last):\n  File \"c:\\Users\\mjeevaba\\Documents\\Python\\DDQC\\DDQC 2.0\\Code\\DDQC Rule Engine\\main.py\", line 75, in process_transaction\n    self.dict_transaction = process(self.config, self.dict_transaction)\n                            ^^^^^^^^^^^^^^^^^^^^^^^^^^^^^^^^^^^^^^^^^^^\n  File \"c:\\Users\\mjeevaba\\Documents\\Python\\DDQC\\DDQC 2.0\\Code\\DDQC Rule Engine\\Project\\z_process.py\", line 18, in process\n    dict_transaction = call_data_filter.ph1_data_filter(config, dict_transaction)\n                       ^^^^^^^^^^^^^^^^^^^^^^^^^^^^^^^^^^^^^^^^^^^^^^^^^^^^^^^^^^\n  File \"c:\\Users\\mjeevaba\\Documents\\Python\\DDQC\\DDQC 2.0\\Code\\DDQC Rule Engine\\Project\\call_data_filter.py\", line 15, in ph1_data_filter\n    ddqc1 = Ph1FilterValidation(dict_transaction[\"df_ddqc_report\"])\n            ^^^^^^^^^^^^^^^^^^^^^^^^^^^^^^^^^^^^^^^^^^^^^^^^^^^^^^^\n  File \"c:\\Users\\mjeevaba\\Documents\\Python\\DDQC\\DDQC 2.0\\Code\\DDQC Rule Engine\\Project\\data_filter_ph1.py\", line 13, in __init__\n    super().__init__(df_input, **kwargs)\n  File \"c:\\Users\\mjeevaba\\Documents\\Python\\DDQC\\DDQC 2.0\\Code\\DDQC Rule Engine\\Project\\general_rule.py\", line 8, in __init__\n    df_input[\"client id\"] = df_input[\"client id\"].astype(str)\n                            ~~~~~~~~^^^^^^^^^^^^^\n  File \"C:\\Users\\mjeevaba\\AppData\\Local\\Programs\\Python\\Python311\\Lib\\site-packages\\pandas\\core\\frame.py\", line 3761, in __getitem__\n    indexer = self.columns.get_loc(key)\n              ^^^^^^^^^^^^^^^^^^^^^^^^^\n  File \"C:\\Users\\mjeevaba\\AppData\\Local\\Programs\\Python\\Python311\\Lib\\site-packages\\pandas\\core\\indexes\\base.py\", line 3654, in get_loc\n    raise KeyError(key) from err\nKeyError: 'client id'\n", "process": "ddqc"}
{"timestamp": "2023-09-13 11:36:19", "level": "DEBUG", "module": "main", "function": "set_transaction_status", "line": 86, "message": "set transaction completed", "process": "ddqc"}
{"timestamp": "2023-09-13 11:36:19", "level": "DEBUG", "module": "main", "function": "get_transaction_data", "line": 68, "message": "get transaction data completed", "process": "ddqc"}
{"timestamp": "2023-09-13 11:36:19", "level": "DEBUG", "module": "main", "function": "run", "line": 97, "message": "transaction data received empty. so exiting the process", "process": "ddqc"}
{"timestamp": "2023-09-13 11:37:25", "level": "INFO", "module": "main", "function": "<module>", "line": 44, "message": "ddqc-- execution started", "process": "ddqc"}
{"timestamp": "2023-09-13 11:37:25", "level": "DEBUG", "module": "main", "function": "__init__", "line": 52, "message": "Framework initiated", "process": "ddqc"}
{"timestamp": "2023-09-13 11:37:25", "level": "DEBUG", "module": "main", "function": "init_all_settings", "line": 57, "message": "init all settings completed", "process": "ddqc"}
{"timestamp": "2023-09-13 11:37:28", "level": "DEBUG", "module": "main", "function": "init_all_applications", "line": 62, "message": "init all application completed", "process": "ddqc"}
{"timestamp": "2023-09-13 11:37:28", "level": "DEBUG", "module": "main", "function": "get_transaction_data", "line": 68, "message": "get transaction data completed", "process": "ddqc"}
{"timestamp": "2023-09-13 11:37:28", "level": "DEBUG", "module": "main", "function": "run", "line": 97, "message": "transaction data received empty. so exiting the process", "process": "ddqc"}
{"timestamp": "2023-09-13 11:40:18", "level": "INFO", "module": "main", "function": "<module>", "line": 44, "message": "ddqc-- execution started", "process": "ddqc"}
{"timestamp": "2023-09-13 11:40:18", "level": "DEBUG", "module": "main", "function": "__init__", "line": 52, "message": "Framework initiated", "process": "ddqc"}
{"timestamp": "2023-09-13 11:40:18", "level": "DEBUG", "module": "main", "function": "init_all_settings", "line": 57, "message": "init all settings completed", "process": "ddqc"}
{"timestamp": "2023-09-13 11:40:20", "level": "DEBUG", "module": "main", "function": "init_all_applications", "line": 62, "message": "init all application completed", "process": "ddqc"}
{"timestamp": "2023-09-13 11:40:24", "level": "DEBUG", "module": "main", "function": "get_transaction_data", "line": 68, "message": "get transaction data completed", "process": "ddqc"}
{"timestamp": "2023-09-13 11:40:24", "level": "INFO", "module": "main", "function": "process_transaction", "line": 72, "message": "process started", "process": "ddqc"}
{"timestamp": "2023-09-13 11:41:19", "level": "DEBUG", "module": "main", "function": "get_transaction_data", "line": 68, "message": "get transaction data completed", "process": "ddqc"}
{"timestamp": "2023-09-13 11:41:19", "level": "DEBUG", "module": "main", "function": "run", "line": 97, "message": "transaction data received empty. so exiting the process", "process": "ddqc"}
{"timestamp": "2023-09-13 11:46:19", "level": "DEBUG", "module": "main", "function": "get_transaction_data", "line": 68, "message": "get transaction data completed", "process": "ddqc"}
{"timestamp": "2023-09-13 11:46:19", "level": "DEBUG", "module": "main", "function": "run", "line": 97, "message": "transaction data received empty. so exiting the process", "process": "ddqc"}
{"timestamp": "2023-09-13 11:51:19", "level": "DEBUG", "module": "main", "function": "get_transaction_data", "line": 68, "message": "get transaction data completed", "process": "ddqc"}
{"timestamp": "2023-09-13 11:51:19", "level": "DEBUG", "module": "main", "function": "run", "line": 97, "message": "transaction data received empty. so exiting the process", "process": "ddqc"}
{"timestamp": "2023-09-13 11:56:19", "level": "DEBUG", "module": "main", "function": "get_transaction_data", "line": 68, "message": "get transaction data completed", "process": "ddqc"}
{"timestamp": "2023-09-13 11:56:19", "level": "DEBUG", "module": "main", "function": "run", "line": 97, "message": "transaction data received empty. so exiting the process", "process": "ddqc"}
{"timestamp": "2023-09-13 12:01:19", "level": "DEBUG", "module": "main", "function": "get_transaction_data", "line": 68, "message": "get transaction data completed", "process": "ddqc"}
{"timestamp": "2023-09-13 12:01:19", "level": "DEBUG", "module": "main", "function": "run", "line": 97, "message": "transaction data received empty. so exiting the process", "process": "ddqc"}
{"timestamp": "2023-09-13 12:06:19", "level": "DEBUG", "module": "main", "function": "get_transaction_data", "line": 68, "message": "get transaction data completed", "process": "ddqc"}
{"timestamp": "2023-09-13 12:06:19", "level": "DEBUG", "module": "main", "function": "run", "line": 97, "message": "transaction data received empty. so exiting the process", "process": "ddqc"}
{"timestamp": "2023-09-13 12:11:19", "level": "DEBUG", "module": "main", "function": "get_transaction_data", "line": 68, "message": "get transaction data completed", "process": "ddqc"}
{"timestamp": "2023-09-13 12:11:19", "level": "DEBUG", "module": "main", "function": "run", "line": 97, "message": "transaction data received empty. so exiting the process", "process": "ddqc"}
{"timestamp": "2023-09-13 12:16:19", "level": "DEBUG", "module": "main", "function": "get_transaction_data", "line": 68, "message": "get transaction data completed", "process": "ddqc"}
{"timestamp": "2023-09-13 12:16:19", "level": "DEBUG", "module": "main", "function": "run", "line": 97, "message": "transaction data received empty. so exiting the process", "process": "ddqc"}
{"timestamp": "2023-09-13 12:21:19", "level": "DEBUG", "module": "main", "function": "get_transaction_data", "line": 68, "message": "get transaction data completed", "process": "ddqc"}
{"timestamp": "2023-09-13 12:21:19", "level": "DEBUG", "module": "main", "function": "run", "line": 97, "message": "transaction data received empty. so exiting the process", "process": "ddqc"}
{"timestamp": "2023-09-13 12:26:19", "level": "DEBUG", "module": "main", "function": "get_transaction_data", "line": 68, "message": "get transaction data completed", "process": "ddqc"}
{"timestamp": "2023-09-13 12:26:19", "level": "DEBUG", "module": "main", "function": "run", "line": 97, "message": "transaction data received empty. so exiting the process", "process": "ddqc"}
{"timestamp": "2023-09-13 12:31:19", "level": "DEBUG", "module": "main", "function": "get_transaction_data", "line": 68, "message": "get transaction data completed", "process": "ddqc"}
{"timestamp": "2023-09-13 12:31:19", "level": "DEBUG", "module": "main", "function": "run", "line": 97, "message": "transaction data received empty. so exiting the process", "process": "ddqc"}
{"timestamp": "2023-09-13 12:36:19", "level": "DEBUG", "module": "main", "function": "get_transaction_data", "line": 68, "message": "get transaction data completed", "process": "ddqc"}
{"timestamp": "2023-09-13 12:36:19", "level": "DEBUG", "module": "main", "function": "run", "line": 97, "message": "transaction data received empty. so exiting the process", "process": "ddqc"}
{"timestamp": "2023-09-13 12:41:19", "level": "DEBUG", "module": "main", "function": "get_transaction_data", "line": 68, "message": "get transaction data completed", "process": "ddqc"}
{"timestamp": "2023-09-13 12:41:19", "level": "DEBUG", "module": "main", "function": "run", "line": 97, "message": "transaction data received empty. so exiting the process", "process": "ddqc"}
{"timestamp": "2023-09-13 16:14:37", "level": "DEBUG", "module": "main", "function": "get_transaction_data", "line": 68, "message": "get transaction data completed", "process": "ddqc"}
{"timestamp": "2023-09-13 16:14:37", "level": "DEBUG", "module": "main", "function": "run", "line": 97, "message": "transaction data received empty. so exiting the process", "process": "ddqc"}
{"timestamp": "2023-09-13 16:19:37", "level": "DEBUG", "module": "main", "function": "get_transaction_data", "line": 68, "message": "get transaction data completed", "process": "ddqc"}
{"timestamp": "2023-09-13 16:19:37", "level": "DEBUG", "module": "main", "function": "run", "line": 97, "message": "transaction data received empty. so exiting the process", "process": "ddqc"}
{"timestamp": "2023-09-13 16:24:37", "level": "DEBUG", "module": "main", "function": "get_transaction_data", "line": 68, "message": "get transaction data completed", "process": "ddqc"}
{"timestamp": "2023-09-13 16:24:37", "level": "DEBUG", "module": "main", "function": "run", "line": 97, "message": "transaction data received empty. so exiting the process", "process": "ddqc"}
{"timestamp": "2023-09-13 16:29:37", "level": "DEBUG", "module": "main", "function": "get_transaction_data", "line": 68, "message": "get transaction data completed", "process": "ddqc"}
{"timestamp": "2023-09-13 16:29:37", "level": "DEBUG", "module": "main", "function": "run", "line": 97, "message": "transaction data received empty. so exiting the process", "process": "ddqc"}
{"timestamp": "2023-09-13 16:34:37", "level": "DEBUG", "module": "main", "function": "get_transaction_data", "line": 68, "message": "get transaction data completed", "process": "ddqc"}
{"timestamp": "2023-09-13 16:34:37", "level": "DEBUG", "module": "main", "function": "run", "line": 97, "message": "transaction data received empty. so exiting the process", "process": "ddqc"}
{"timestamp": "2023-09-13 16:39:38", "level": "DEBUG", "module": "main", "function": "get_transaction_data", "line": 68, "message": "get transaction data completed", "process": "ddqc"}
{"timestamp": "2023-09-13 16:39:38", "level": "DEBUG", "module": "main", "function": "run", "line": 97, "message": "transaction data received empty. so exiting the process", "process": "ddqc"}
{"timestamp": "2023-09-13 16:44:38", "level": "DEBUG", "module": "main", "function": "get_transaction_data", "line": 68, "message": "get transaction data completed", "process": "ddqc"}
{"timestamp": "2023-09-13 16:44:38", "level": "DEBUG", "module": "main", "function": "run", "line": 97, "message": "transaction data received empty. so exiting the process", "process": "ddqc"}
{"timestamp": "2023-09-13 16:49:38", "level": "DEBUG", "module": "main", "function": "get_transaction_data", "line": 68, "message": "get transaction data completed", "process": "ddqc"}
{"timestamp": "2023-09-13 16:49:38", "level": "DEBUG", "module": "main", "function": "run", "line": 97, "message": "transaction data received empty. so exiting the process", "process": "ddqc"}
{"timestamp": "2023-09-13 16:54:38", "level": "DEBUG", "module": "main", "function": "get_transaction_data", "line": 68, "message": "get transaction data completed", "process": "ddqc"}
{"timestamp": "2023-09-13 16:54:38", "level": "DEBUG", "module": "main", "function": "run", "line": 97, "message": "transaction data received empty. so exiting the process", "process": "ddqc"}
{"timestamp": "2023-09-13 16:59:38", "level": "DEBUG", "module": "main", "function": "get_transaction_data", "line": 68, "message": "get transaction data completed", "process": "ddqc"}
{"timestamp": "2023-09-13 16:59:38", "level": "DEBUG", "module": "main", "function": "run", "line": 97, "message": "transaction data received empty. so exiting the process", "process": "ddqc"}
{"timestamp": "2023-09-13 18:34:47", "level": "DEBUG", "module": "main", "function": "get_transaction_data", "line": 68, "message": "get transaction data completed", "process": "ddqc"}
{"timestamp": "2023-09-13 18:34:47", "level": "DEBUG", "module": "main", "function": "run", "line": 97, "message": "transaction data received empty. so exiting the process", "process": "ddqc"}
{"timestamp": "2023-09-13 18:39:47", "level": "DEBUG", "module": "main", "function": "get_transaction_data", "line": 68, "message": "get transaction data completed", "process": "ddqc"}
{"timestamp": "2023-09-13 18:39:47", "level": "DEBUG", "module": "main", "function": "run", "line": 97, "message": "transaction data received empty. so exiting the process", "process": "ddqc"}
{"timestamp": "2023-09-13 18:44:47", "level": "DEBUG", "module": "main", "function": "get_transaction_data", "line": 68, "message": "get transaction data completed", "process": "ddqc"}
{"timestamp": "2023-09-13 18:44:47", "level": "DEBUG", "module": "main", "function": "run", "line": 97, "message": "transaction data received empty. so exiting the process", "process": "ddqc"}
{"timestamp": "2023-09-13 18:49:47", "level": "DEBUG", "module": "main", "function": "get_transaction_data", "line": 68, "message": "get transaction data completed", "process": "ddqc"}
{"timestamp": "2023-09-13 18:49:47", "level": "DEBUG", "module": "main", "function": "run", "line": 97, "message": "transaction data received empty. so exiting the process", "process": "ddqc"}
{"timestamp": "2023-09-13 18:54:47", "level": "DEBUG", "module": "main", "function": "get_transaction_data", "line": 68, "message": "get transaction data completed", "process": "ddqc"}
{"timestamp": "2023-09-13 18:54:47", "level": "DEBUG", "module": "main", "function": "run", "line": 97, "message": "transaction data received empty. so exiting the process", "process": "ddqc"}
{"timestamp": "2023-09-13 18:59:47", "level": "DEBUG", "module": "main", "function": "get_transaction_data", "line": 68, "message": "get transaction data completed", "process": "ddqc"}
{"timestamp": "2023-09-13 18:59:47", "level": "DEBUG", "module": "main", "function": "run", "line": 97, "message": "transaction data received empty. so exiting the process", "process": "ddqc"}
{"timestamp": "2023-09-14 11:56:55", "level": "DEBUG", "module": "main", "function": "get_transaction_data", "line": 68, "message": "get transaction data completed", "process": "ddqc"}
{"timestamp": "2023-09-14 11:56:55", "level": "DEBUG", "module": "main", "function": "run", "line": 97, "message": "transaction data received empty. so exiting the process", "process": "ddqc"}
{"timestamp": "2023-09-14 12:01:55", "level": "DEBUG", "module": "main", "function": "get_transaction_data", "line": 68, "message": "get transaction data completed", "process": "ddqc"}
{"timestamp": "2023-09-14 12:01:55", "level": "DEBUG", "module": "main", "function": "run", "line": 97, "message": "transaction data received empty. so exiting the process", "process": "ddqc"}
{"timestamp": "2023-09-14 12:06:55", "level": "DEBUG", "module": "main", "function": "get_transaction_data", "line": 68, "message": "get transaction data completed", "process": "ddqc"}
{"timestamp": "2023-09-14 12:06:55", "level": "DEBUG", "module": "main", "function": "run", "line": 97, "message": "transaction data received empty. so exiting the process", "process": "ddqc"}
{"timestamp": "2023-09-14 12:12:16", "level": "DEBUG", "module": "main", "function": "get_transaction_data", "line": 68, "message": "get transaction data completed", "process": "ddqc"}
{"timestamp": "2023-09-14 12:12:16", "level": "INFO", "module": "main", "function": "process_transaction", "line": 72, "message": "process started", "process": "ddqc"}
